# JRE version: OpenJDK Runtime Environment (8.0_191-b12) (build 1.8.0_191-1-ojdkbuild-b12)
# Java VM: OpenJDK 64-Bit Server VM (25.191-b12 mixed mode windows-amd64 compressed oops)
Heap:
 PSYoungGen      total 310784K, used 218194K [0x000000076b400000, 0x000000077fc80000, 0x00000007c0000000)
  eden space 302592K, 72% used [0x000000076b400000,0x0000000778914970,0x000000077db80000)
  from space 8192K, 0% used [0x000000077db80000,0x000000077db80000,0x000000077e380000)
  to   space 16896K, 0% used [0x000000077ec00000,0x000000077ec00000,0x000000077fc80000)
 ParOldGen       total 230912K, used 34470K [0x00000006c1c00000, 0x00000006cfd80000, 0x000000076b400000)
  object space 230912K, 14% used [0x00000006c1c00000,0x00000006c3da9848,0x00000006cfd80000)
 Metaspace       used 66866K, capacity 71136K, committed 71424K, reserved 1112064K
  class space    used 8633K, capacity 9415K, committed 9472K, reserved 1048576K
GC Heap History (68 events):
Event: 1.046 GC heap before
{Heap before GC invocations=1 (full 0):
 PSYoungGen      total 76288K, used 65536K [0x000000076b400000, 0x0000000770900000, 0x00000007c0000000)
  eden space 65536K, 100% used [0x000000076b400000,0x000000076f400000,0x000000076f400000)
  from space 10752K, 0% used [0x000000076fe80000,0x000000076fe80000,0x0000000770900000)
  to   space 10752K, 0% used [0x000000076f400000,0x000000076f400000,0x000000076fe80000)
 ParOldGen       total 175104K, used 0K [0x00000006c1c00000, 0x00000006cc700000, 0x000000076b400000)
  object space 175104K, 0% used [0x00000006c1c00000,0x00000006c1c00000,0x00000006cc700000)
 Metaspace       used 10645K, capacity 10846K, committed 11008K, reserved 1058816K
  class space    used 1148K, capacity 1235K, committed 1280K, reserved 1048576K
Event: 1.054 GC heap after
Heap after GC invocations=1 (full 0):
 PSYoungGen      total 76288K, used 4971K [0x000000076b400000, 0x0000000770900000, 0x00000007c0000000)
  eden space 65536K, 0% used [0x000000076b400000,0x000000076b400000,0x000000076f400000)
  from space 10752K, 46% used [0x000000076f400000,0x000000076f8daea0,0x000000076fe80000)
  to   space 10752K, 0% used [0x000000076fe80000,0x000000076fe80000,0x0000000770900000)
 ParOldGen       total 175104K, used 16K [0x00000006c1c00000, 0x00000006cc700000, 0x000000076b400000)
  object space 175104K, 0% used [0x00000006c1c00000,0x00000006c1c04000,0x00000006cc700000)
 Metaspace       used 10645K, capacity 10846K, committed 11008K, reserved 1058816K
  class space    used 1148K, capacity 1235K, committed 1280K, reserved 1048576K
}
Event: 1.459 GC heap before
{Heap before GC invocations=2 (full 0):
 PSYoungGen      total 76288K, used 70507K [0x000000076b400000, 0x0000000770900000, 0x00000007c0000000)
  eden space 65536K, 100% used [0x000000076b400000,0x000000076f400000,0x000000076f400000)
  from space 10752K, 46% used [0x000000076f400000,0x000000076f8daea0,0x000000076fe80000)
  to   space 10752K, 0% used [0x000000076fe80000,0x000000076fe80000,0x0000000770900000)
 ParOldGen       total 175104K, used 16K [0x00000006c1c00000, 0x00000006cc700000, 0x000000076b400000)
  object space 175104K, 0% used [0x00000006c1c00000,0x00000006c1c04000,0x00000006cc700000)
 Metaspace       used 16890K, capacity 17368K, committed 17664K, reserved 1064960K
  class space    used 2079K, capacity 2227K, committed 2304K, reserved 1048576K
Event: 1.466 GC heap after
Heap after GC invocations=2 (full 0):
 PSYoungGen      total 76288K, used 8468K [0x000000076b400000, 0x0000000774900000, 0x00000007c0000000)
  eden space 65536K, 0% used [0x000000076b400000,0x000000076b400000,0x000000076f400000)
  from space 10752K, 78% used [0x000000076fe80000,0x00000007706c5038,0x0000000770900000)
  to   space 10752K, 0% used [0x000000076f400000,0x000000076f400000,0x000000076fe80000)
 ParOldGen       total 175104K, used 24K [0x00000006c1c00000, 0x00000006cc700000, 0x000000076b400000)
  object space 175104K, 0% used [0x00000006c1c00000,0x00000006c1c06000,0x00000006cc700000)
 Metaspace       used 16890K, capacity 17368K, committed 17664K, reserved 1064960K
  class space    used 2079K, capacity 2227K, committed 2304K, reserved 1048576K
}
Event: 1.653 GC heap before
{Heap before GC invocations=3 (full 0):
 PSYoungGen      total 76288K, used 37424K [0x000000076b400000, 0x0000000774900000, 0x00000007c0000000)
  eden space 65536K, 44% used [0x000000076b400000,0x000000076d0470c8,0x000000076f400000)
  from space 10752K, 78% used [0x000000076fe80000,0x00000007706c5038,0x0000000770900000)
  to   space 10752K, 0% used [0x000000076f400000,0x000000076f400000,0x000000076fe80000)
 ParOldGen       total 175104K, used 24K [0x00000006c1c00000, 0x00000006cc700000, 0x000000076b400000)
  object space 175104K, 0% used [0x00000006c1c00000,0x00000006c1c06000,0x00000006cc700000)
 Metaspace       used 20554K, capacity 21082K, committed 21248K, reserved 1067008K
  class space    used 2520K, capacity 2704K, committed 2816K, reserved 1048576K
Event: 1.661 GC heap after
Heap after GC invocations=3 (full 0):
 PSYoungGen      total 76288K, used 7830K [0x000000076b400000, 0x0000000774900000, 0x00000007c0000000)
  eden space 65536K, 0% used [0x000000076b400000,0x000000076b400000,0x000000076f400000)
  from space 10752K, 72% used [0x000000076f400000,0x000000076fba5ac0,0x000000076fe80000)
  to   space 10752K, 0% used [0x0000000773e80000,0x0000000773e80000,0x0000000774900000)
 ParOldGen       total 175104K, used 32K [0x00000006c1c00000, 0x00000006cc700000, 0x000000076b400000)
  object space 175104K, 0% used [0x00000006c1c00000,0x00000006c1c08000,0x00000006cc700000)
 Metaspace       used 20554K, capacity 21082K, committed 21248K, reserved 1067008K
  class space    used 2520K, capacity 2704K, committed 2816K, reserved 1048576K
}
Event: 1.661 GC heap before
{Heap before GC invocations=4 (full 1):
 PSYoungGen      total 76288K, used 7830K [0x000000076b400000, 0x0000000774900000, 0x00000007c0000000)
  eden space 65536K, 0% used [0x000000076b400000,0x000000076b400000,0x000000076f400000)
  from space 10752K, 72% used [0x000000076f400000,0x000000076fba5ac0,0x000000076fe80000)
  to   space 10752K, 0% used [0x0000000773e80000,0x0000000773e80000,0x0000000774900000)
 ParOldGen       total 175104K, used 32K [0x00000006c1c00000, 0x00000006cc700000, 0x000000076b400000)
  object space 175104K, 0% used [0x00000006c1c00000,0x00000006c1c08000,0x00000006cc700000)
 Metaspace       used 20554K, capacity 21082K, committed 21248K, reserved 1067008K
  class space    used 2520K, capacity 2704K, committed 2816K, reserved 1048576K
Event: 1.691 GC heap after
Heap after GC invocations=4 (full 1):
 PSYoungGen      total 76288K, used 0K [0x000000076b400000, 0x0000000774900000, 0x00000007c0000000)
  eden space 65536K, 0% used [0x000000076b400000,0x000000076b400000,0x000000076f400000)
  from space 10752K, 0% used [0x000000076f400000,0x000000076f400000,0x000000076fe80000)
  to   space 10752K, 0% used [0x0000000773e80000,0x0000000773e80000,0x0000000774900000)
 ParOldGen       total 102400K, used 7545K [0x00000006c1c00000, 0x00000006c8000000, 0x000000076b400000)
  object space 102400K, 7% used [0x00000006c1c00000,0x00000006c235e7f0,0x00000006c8000000)
 Metaspace       used 20553K, capacity 21076K, committed 21248K, reserved 1067008K
  class space    used 2519K, capacity 2703K, committed 2816K, reserved 1048576K
}
Event: 2.040 GC heap before
{Heap before GC invocations=5 (full 1):
 PSYoungGen      total 76288K, used 65536K [0x000000076b400000, 0x0000000774900000, 0x00000007c0000000)
  eden space 65536K, 100% used [0x000000076b400000,0x000000076f400000,0x000000076f400000)
  from space 10752K, 0% used [0x000000076f400000,0x000000076f400000,0x000000076fe80000)
  to   space 10752K, 0% used [0x0000000773e80000,0x0000000773e80000,0x0000000774900000)
 ParOldGen       total 102400K, used 7545K [0x00000006c1c00000, 0x00000006c8000000, 0x000000076b400000)
  object space 102400K, 7% used [0x00000006c1c00000,0x00000006c235e7f0,0x00000006c8000000)
 Metaspace       used 22929K, capacity 23614K, committed 23808K, reserved 1071104K
  class space    used 2809K, capacity 2980K, committed 3072K, reserved 1048576K
Event: 2.043 GC heap after
Heap after GC invocations=5 (full 1):
 PSYoungGen      total 102912K, used 3474K [0x000000076b400000, 0x0000000774200000, 0x00000007c0000000)
  eden space 99328K, 0% used [0x000000076b400000,0x000000076b400000,0x0000000771500000)
  from space 3584K, 96% used [0x0000000773e80000,0x00000007741e4a20,0x0000000774200000)
  to   space 10752K, 0% used [0x0000000772d00000,0x0000000772d00000,0x0000000773780000)
 ParOldGen       total 102400K, used 7618K [0x00000006c1c00000, 0x00000006c8000000, 0x000000076b400000)
  object space 102400K, 7% used [0x00000006c1c00000,0x00000006c2370800,0x00000006c8000000)
 Metaspace       used 22929K, capacity 23614K, committed 23808K, reserved 1071104K
  class space    used 2809K, capacity 2980K, committed 3072K, reserved 1048576K
}
Event: 2.838 GC heap before
{Heap before GC invocations=6 (full 1):
 PSYoungGen      total 102912K, used 102802K [0x000000076b400000, 0x0000000774200000, 0x00000007c0000000)
  eden space 99328K, 100% used [0x000000076b400000,0x0000000771500000,0x0000000771500000)
  from space 3584K, 96% used [0x0000000773e80000,0x00000007741e4a20,0x0000000774200000)
  to   space 10752K, 0% used [0x0000000772d00000,0x0000000772d00000,0x0000000773780000)
 ParOldGen       total 102400K, used 7618K [0x00000006c1c00000, 0x00000006c8000000, 0x000000076b400000)
  object space 102400K, 7% used [0x00000006c1c00000,0x00000006c2370800,0x00000006c8000000)
 Metaspace       used 26030K, capacity 27066K, committed 27136K, reserved 1073152K
  class space    used 3294K, capacity 3551K, committed 3584K, reserved 1048576K
Event: 2.848 GC heap after
Heap after GC invocations=6 (full 1):
 PSYoungGen      total 134656K, used 10734K [0x000000076b400000, 0x0000000775d80000, 0x00000007c0000000)
  eden space 123904K, 0% used [0x000000076b400000,0x000000076b400000,0x0000000772d00000)
  from space 10752K, 99% used [0x0000000772d00000,0x000000077377b868,0x0000000773780000)
  to   space 12800K, 0% used [0x0000000775100000,0x0000000775100000,0x0000000775d80000)
 ParOldGen       total 102400K, used 7966K [0x00000006c1c00000, 0x00000006c8000000, 0x000000076b400000)
  object space 102400K, 7% used [0x00000006c1c00000,0x00000006c23c7be0,0x00000006c8000000)
 Metaspace       used 26030K, capacity 27066K, committed 27136K, reserved 1073152K
  class space    used 3294K, capacity 3551K, committed 3584K, reserved 1048576K
}
Event: 3.706 GC heap before
{Heap before GC invocations=7 (full 1):
 PSYoungGen      total 134656K, used 134638K [0x000000076b400000, 0x0000000775d80000, 0x00000007c0000000)
  eden space 123904K, 100% used [0x000000076b400000,0x0000000772d00000,0x0000000772d00000)
  from space 10752K, 99% used [0x0000000772d00000,0x000000077377b868,0x0000000773780000)
  to   space 12800K, 0% used [0x0000000775100000,0x0000000775100000,0x0000000775d80000)
 ParOldGen       total 102400K, used 7966K [0x00000006c1c00000, 0x00000006c8000000, 0x000000076b400000)
  object space 102400K, 7% used [0x00000006c1c00000,0x00000006c23c7be0,0x00000006c8000000)
 Metaspace       used 31266K, capacity 32796K, committed 33024K, reserved 1077248K
  class space    used 3976K, capacity 4288K, committed 4352K, reserved 1048576K
Event: 3.718 GC heap after
Heap after GC invocations=7 (full 1):
 PSYoungGen      total 158208K, used 12795K [0x000000076b400000, 0x0000000778500000, 0x00000007c0000000)
  eden space 145408K, 0% used [0x000000076b400000,0x000000076b400000,0x0000000774200000)
  from space 12800K, 99% used [0x0000000775100000,0x0000000775d7ef00,0x0000000775d80000)
  to   space 15360K, 0% used [0x0000000774200000,0x0000000774200000,0x0000000775100000)
 ParOldGen       total 102400K, used 8524K [0x00000006c1c00000, 0x00000006c8000000, 0x000000076b400000)
  object space 102400K, 8% used [0x00000006c1c00000,0x00000006c2453328,0x00000006c8000000)
 Metaspace       used 31266K, capacity 32796K, committed 33024K, reserved 1077248K
  class space    used 3976K, capacity 4288K, committed 4352K, reserved 1048576K
}
Event: 4.040 GC heap before
{Heap before GC invocations=8 (full 1):
 PSYoungGen      total 158208K, used 87931K [0x000000076b400000, 0x0000000778500000, 0x00000007c0000000)
  eden space 145408K, 51% used [0x000000076b400000,0x000000076fd5ffb8,0x0000000774200000)
  from space 12800K, 99% used [0x0000000775100000,0x0000000775d7ef00,0x0000000775d80000)
  to   space 15360K, 0% used [0x0000000774200000,0x0000000774200000,0x0000000775100000)
 ParOldGen       total 102400K, used 8524K [0x00000006c1c00000, 0x00000006c8000000, 0x000000076b400000)
  object space 102400K, 8% used [0x00000006c1c00000,0x00000006c2453328,0x00000006c8000000)
 Metaspace       used 33763K, capacity 35372K, committed 35416K, reserved 1081344K
  class space    used 4246K, capacity 4602K, committed 4608K, reserved 1048576K
Event: 4.053 GC heap after
Heap after GC invocations=8 (full 1):
 PSYoungGen      total 160768K, used 13479K [0x000000076b400000, 0x000000077b280000, 0x00000007c0000000)
  eden space 145408K, 0% used [0x000000076b400000,0x000000076b400000,0x0000000774200000)
  from space 15360K, 87% used [0x0000000774200000,0x0000000774f29f60,0x0000000775100000)
  to   space 17408K, 0% used [0x000000077a180000,0x000000077a180000,0x000000077b280000)
 ParOldGen       total 102400K, used 8532K [0x00000006c1c00000, 0x00000006c8000000, 0x000000076b400000)
  object space 102400K, 8% used [0x00000006c1c00000,0x00000006c2455328,0x00000006c8000000)
 Metaspace       used 33763K, capacity 35372K, committed 35416K, reserved 1081344K
  class space    used 4246K, capacity 4602K, committed 4608K, reserved 1048576K
}
Event: 4.053 GC heap before
{Heap before GC invocations=9 (full 2):
 PSYoungGen      total 160768K, used 13479K [0x000000076b400000, 0x000000077b280000, 0x00000007c0000000)
  eden space 145408K, 0% used [0x000000076b400000,0x000000076b400000,0x0000000774200000)
  from space 15360K, 87% used [0x0000000774200000,0x0000000774f29f60,0x0000000775100000)
  to   space 17408K, 0% used [0x000000077a180000,0x000000077a180000,0x000000077b280000)
 ParOldGen       total 102400K, used 8532K [0x00000006c1c00000, 0x00000006c8000000, 0x000000076b400000)
  object space 102400K, 8% used [0x00000006c1c00000,0x00000006c2455328,0x00000006c8000000)
 Metaspace       used 33763K, capacity 35372K, committed 35416K, reserved 1081344K
  class space    used 4246K, capacity 4602K, committed 4608K, reserved 1048576K
Event: 4.110 GC heap after
Heap after GC invocations=9 (full 2):
 PSYoungGen      total 160768K, used 0K [0x000000076b400000, 0x000000077b280000, 0x00000007c0000000)
  eden space 145408K, 0% used [0x000000076b400000,0x000000076b400000,0x0000000774200000)
  from space 15360K, 0% used [0x0000000774200000,0x0000000774200000,0x0000000775100000)
  to   space 17408K, 0% used [0x000000077a180000,0x000000077a180000,0x000000077b280000)
 ParOldGen       total 159232K, used 17887K [0x00000006c1c00000, 0x00000006cb780000, 0x000000076b400000)
  object space 159232K, 11% used [0x00000006c1c00000,0x00000006c2d77d68,0x00000006cb780000)
 Metaspace       used 33763K, capacity 35372K, committed 35416K, reserved 1081344K
  class space    used 4246K, capacity 4602K, committed 4608K, reserved 1048576K
}
Event: 5.807 GC heap before
{Heap before GC invocations=10 (full 2):
 PSYoungGen      total 160768K, used 145408K [0x000000076b400000, 0x000000077b280000, 0x00000007c0000000)
  eden space 145408K, 100% used [0x000000076b400000,0x0000000774200000,0x0000000774200000)
  from space 15360K, 0% used [0x0000000774200000,0x0000000774200000,0x0000000775100000)
  to   space 17408K, 0% used [0x000000077a180000,0x000000077a180000,0x000000077b280000)
 ParOldGen       total 159232K, used 17887K [0x00000006c1c00000, 0x00000006cb780000, 0x000000076b400000)
  object space 159232K, 11% used [0x00000006c1c00000,0x00000006c2d77d68,0x00000006cb780000)
 Metaspace       used 49781K, capacity 51750K, committed 51968K, reserved 1093632K
  class space    used 6489K, capacity 6897K, committed 6912K, reserved 1048576K
Event: 5.821 GC heap after
Heap after GC invocations=10 (full 2):
 PSYoungGen      total 230912K, used 16822K [0x000000076b400000, 0x000000077b200000, 0x00000007c0000000)
  eden space 214016K, 0% used [0x000000076b400000,0x000000076b400000,0x0000000778500000)
  from space 16896K, 99% used [0x000000077a180000,0x000000077b1edac8,0x000000077b200000)
  to   space 19456K, 0% used [0x0000000778c00000,0x0000000778c00000,0x0000000779f00000)
 ParOldGen       total 159232K, used 17895K [0x00000006c1c00000, 0x00000006cb780000, 0x000000076b400000)
  object space 159232K, 11% used [0x00000006c1c00000,0x00000006c2d79d68,0x00000006cb780000)
 Metaspace       used 49781K, capacity 51750K, committed 51968K, reserved 1093632K
  class space    used 6489K, capacity 6897K, committed 6912K, reserved 1048576K
}
Event: 7.629 GC heap before
{Heap before GC invocations=11 (full 2):
 PSYoungGen      total 230912K, used 214724K [0x000000076b400000, 0x000000077b200000, 0x00000007c0000000)
  eden space 214016K, 92% used [0x000000076b400000,0x0000000777543738,0x0000000778500000)
  from space 16896K, 99% used [0x000000077a180000,0x000000077b1edac8,0x000000077b200000)
  to   space 19456K, 0% used [0x0000000778c00000,0x0000000778c00000,0x0000000779f00000)
 ParOldGen       total 159232K, used 17895K [0x00000006c1c00000, 0x00000006cb780000, 0x000000076b400000)
  object space 159232K, 11% used [0x00000006c1c00000,0x00000006c2d79d68,0x00000006cb780000)
 Metaspace       used 56096K, capacity 58986K, committed 59028K, reserved 1099776K
  class space    used 7400K, capacity 7925K, committed 7936K, reserved 1048576K
Event: 7.647 GC heap after
Heap after GC invocations=11 (full 2):
 PSYoungGen      total 240640K, used 18604K [0x000000076b400000, 0x000000077e780000, 0x00000007c0000000)
  eden space 221184K, 0% used [0x000000076b400000,0x000000076b400000,0x0000000778c00000)
  from space 19456K, 95% used [0x0000000778c00000,0x0000000779e2b338,0x0000000779f00000)
  to   space 22016K, 0% used [0x000000077d200000,0x000000077d200000,0x000000077e780000)
 ParOldGen       total 159232K, used 17903K [0x00000006c1c00000, 0x00000006cb780000, 0x000000076b400000)
  object space 159232K, 11% used [0x00000006c1c00000,0x00000006c2d7bd68,0x00000006cb780000)
 Metaspace       used 56096K, capacity 58986K, committed 59028K, reserved 1099776K
  class space    used 7400K, capacity 7925K, committed 7936K, reserved 1048576K
}
Event: 7.647 GC heap before
{Heap before GC invocations=12 (full 3):
 PSYoungGen      total 240640K, used 18604K [0x000000076b400000, 0x000000077e780000, 0x00000007c0000000)
  eden space 221184K, 0% used [0x000000076b400000,0x000000076b400000,0x0000000778c00000)
  from space 19456K, 95% used [0x0000000778c00000,0x0000000779e2b338,0x0000000779f00000)
  to   space 22016K, 0% used [0x000000077d200000,0x000000077d200000,0x000000077e780000)
 ParOldGen       total 159232K, used 17903K [0x00000006c1c00000, 0x00000006cb780000, 0x000000076b400000)
  object space 159232K, 11% used [0x00000006c1c00000,0x00000006c2d7bd68,0x00000006cb780000)
 Metaspace       used 56096K, capacity 58986K, committed 59028K, reserved 1099776K
  class space    used 7400K, capacity 7925K, committed 7936K, reserved 1048576K
Event: 7.842 GC heap after
Heap after GC invocations=12 (full 3):
 PSYoungGen      total 240640K, used 0K [0x000000076b400000, 0x000000077e780000, 0x00000007c0000000)
  eden space 221184K, 0% used [0x000000076b400000,0x000000076b400000,0x0000000778c00000)
  from space 19456K, 0% used [0x0000000778c00000,0x0000000778c00000,0x0000000779f00000)
  to   space 22016K, 0% used [0x000000077d200000,0x000000077d200000,0x000000077e780000)
 ParOldGen       total 230912K, used 33576K [0x00000006c1c00000, 0x00000006cfd80000, 0x000000076b400000)
  object space 230912K, 14% used [0x00000006c1c00000,0x00000006c3cca168,0x00000006cfd80000)
 Metaspace       used 56085K, capacity 58968K, committed 59028K, reserved 1099776K
  class space    used 7398K, capacity 7922K, committed 7936K, reserved 1048576K
}
Event: 163.758 GC heap before
{Heap before GC invocations=13 (full 3):
 PSYoungGen      total 240640K, used 136063K [0x000000076b400000, 0x000000077e780000, 0x00000007c0000000)
  eden space 221184K, 61% used [0x000000076b400000,0x00000007738dff28,0x0000000778c00000)
  from space 19456K, 0% used [0x0000000778c00000,0x0000000778c00000,0x0000000779f00000)
  to   space 22016K, 0% used [0x000000077d200000,0x000000077d200000,0x000000077e780000)
 ParOldGen       total 230912K, used 33576K [0x00000006c1c00000, 0x00000006cfd80000, 0x000000076b400000)
  object space 230912K, 14% used [0x00000006c1c00000,0x00000006c3cca168,0x00000006cfd80000)
 Metaspace       used 57400K, capacity 60606K, committed 60800K, reserved 1101824K
  class space    used 7629K, capacity 8196K, committed 8320K, reserved 1048576K
Event: 163.765 GC heap after
Heap after GC invocations=13 (full 3):
 PSYoungGen      total 284672K, used 4179K [0x000000076b400000, 0x000000077e380000, 0x00000007c0000000)
  eden space 266752K, 0% used [0x000000076b400000,0x000000076b400000,0x000000077b880000)
  from space 17920K, 23% used [0x000000077d200000,0x000000077d614ce8,0x000000077e380000)
  to   space 22016K, 0% used [0x000000077b880000,0x000000077b880000,0x000000077ce00000)
 ParOldGen       total 230912K, used 33584K [0x00000006c1c00000, 0x00000006cfd80000, 0x000000076b400000)
  object space 230912K, 14% used [0x00000006c1c00000,0x00000006c3ccc168,0x00000006cfd80000)
 Metaspace       used 57400K, capacity 60606K, committed 60800K, reserved 1101824K
  class space    used 7629K, capacity 8196K, committed 8320K, reserved 1048576K
}
Event: 163.765 GC heap before
{Heap before GC invocations=14 (full 4):
 PSYoungGen      total 284672K, used 4179K [0x000000076b400000, 0x000000077e380000, 0x00000007c0000000)
  eden space 266752K, 0% used [0x000000076b400000,0x000000076b400000,0x000000077b880000)
  from space 17920K, 23% used [0x000000077d200000,0x000000077d614ce8,0x000000077e380000)
  to   space 22016K, 0% used [0x000000077b880000,0x000000077b880000,0x000000077ce00000)
 ParOldGen       total 230912K, used 33584K [0x00000006c1c00000, 0x00000006cfd80000, 0x000000076b400000)
  object space 230912K, 14% used [0x00000006c1c00000,0x00000006c3ccc168,0x00000006cfd80000)
 Metaspace       used 57400K, capacity 60606K, committed 60800K, reserved 1101824K
  class space    used 7629K, capacity 8196K, committed 8320K, reserved 1048576K
Event: 163.943 GC heap after
Heap after GC invocations=14 (full 4):
 PSYoungGen      total 284672K, used 0K [0x000000076b400000, 0x000000077e380000, 0x00000007c0000000)
  eden space 266752K, 0% used [0x000000076b400000,0x000000076b400000,0x000000077b880000)
  from space 17920K, 0% used [0x000000077d200000,0x000000077d200000,0x000000077e380000)
  to   space 22016K, 0% used [0x000000077b880000,0x000000077b880000,0x000000077ce00000)
 ParOldGen       total 230912K, used 27423K [0x00000006c1c00000, 0x00000006cfd80000, 0x000000076b400000)
  object space 230912K, 11% used [0x00000006c1c00000,0x00000006c36c7f60,0x00000006cfd80000)
 Metaspace       used 57400K, capacity 60606K, committed 60800K, reserved 1101824K
  class space    used 7629K, capacity 8196K, committed 8320K, reserved 1048576K
}
Event: 282.824 GC heap before
{Heap before GC invocations=15 (full 4):
 PSYoungGen      total 284672K, used 229979K [0x000000076b400000, 0x000000077e380000, 0x00000007c0000000)
  eden space 266752K, 86% used [0x000000076b400000,0x0000000779496d68,0x000000077b880000)
  from space 17920K, 0% used [0x000000077d200000,0x000000077d200000,0x000000077e380000)
  to   space 22016K, 0% used [0x000000077b880000,0x000000077b880000,0x000000077ce00000)
 ParOldGen       total 230912K, used 27423K [0x00000006c1c00000, 0x00000006cfd80000, 0x000000076b400000)
  object space 230912K, 11% used [0x00000006c1c00000,0x00000006c36c7f60,0x00000006cfd80000)
 Metaspace       used 57808K, capacity 61108K, committed 61312K, reserved 1101824K
  class space    used 7667K, capacity 8258K, committed 8320K, reserved 1048576K
Event: 282.832 GC heap after
Heap after GC invocations=15 (full 4):
 PSYoungGen      total 274432K, used 7188K [0x000000076b400000, 0x000000077e280000, 0x00000007c0000000)
  eden space 266752K, 0% used [0x000000076b400000,0x000000076b400000,0x000000077b880000)
  from space 7680K, 93% used [0x000000077b880000,0x000000077bf850a0,0x000000077c000000)
  to   space 21504K, 0% used [0x000000077cd80000,0x000000077cd80000,0x000000077e280000)
 ParOldGen       total 230912K, used 27431K [0x00000006c1c00000, 0x00000006cfd80000, 0x000000076b400000)
  object space 230912K, 11% used [0x00000006c1c00000,0x00000006c36c9f60,0x00000006cfd80000)
 Metaspace       used 57808K, capacity 61108K, committed 61312K, reserved 1101824K
  class space    used 7667K, capacity 8258K, committed 8320K, reserved 1048576K
}
Event: 282.832 GC heap before
{Heap before GC invocations=16 (full 5):
 PSYoungGen      total 274432K, used 7188K [0x000000076b400000, 0x000000077e280000, 0x00000007c0000000)
  eden space 266752K, 0% used [0x000000076b400000,0x000000076b400000,0x000000077b880000)
  from space 7680K, 93% used [0x000000077b880000,0x000000077bf850a0,0x000000077c000000)
  to   space 21504K, 0% used [0x000000077cd80000,0x000000077cd80000,0x000000077e280000)
 ParOldGen       total 230912K, used 27431K [0x00000006c1c00000, 0x00000006cfd80000, 0x000000076b400000)
  object space 230912K, 11% used [0x00000006c1c00000,0x00000006c36c9f60,0x00000006cfd80000)
 Metaspace       used 57808K, capacity 61108K, committed 61312K, reserved 1101824K
  class space    used 7667K, capacity 8258K, committed 8320K, reserved 1048576K
Event: 283.000 GC heap after
Heap after GC invocations=16 (full 5):
 PSYoungGen      total 274432K, used 0K [0x000000076b400000, 0x000000077e280000, 0x00000007c0000000)
  eden space 266752K, 0% used [0x000000076b400000,0x000000076b400000,0x000000077b880000)
  from space 7680K, 0% used [0x000000077b880000,0x000000077b880000,0x000000077c000000)
  to   space 21504K, 0% used [0x000000077cd80000,0x000000077cd80000,0x000000077e280000)
 ParOldGen       total 230912K, used 30641K [0x00000006c1c00000, 0x00000006cfd80000, 0x000000076b400000)
  object space 230912K, 13% used [0x00000006c1c00000,0x00000006c39ec4f0,0x00000006cfd80000)
 Metaspace       used 57795K, capacity 61084K, committed 61312K, reserved 1101824K
  class space    used 7665K, capacity 8253K, committed 8320K, reserved 1048576K
}
Event: 433.125 GC heap before
{Heap before GC invocations=17 (full 5):
 PSYoungGen      total 274432K, used 229966K [0x000000076b400000, 0x000000077e280000, 0x00000007c0000000)
  eden space 266752K, 86% used [0x000000076b400000,0x0000000779493888,0x000000077b880000)
  from space 7680K, 0% used [0x000000077b880000,0x000000077b880000,0x000000077c000000)
  to   space 21504K, 0% used [0x000000077cd80000,0x000000077cd80000,0x000000077e280000)
 ParOldGen       total 230912K, used 30641K [0x00000006c1c00000, 0x00000006cfd80000, 0x000000076b400000)
  object space 230912K, 13% used [0x00000006c1c00000,0x00000006c39ec4f0,0x00000006cfd80000)
 Metaspace       used 58145K, capacity 61598K, committed 61824K, reserved 1103872K
  class space    used 7697K, capacity 8305K, committed 8320K, reserved 1048576K
Event: 433.135 GC heap after
Heap after GC invocations=17 (full 5):
 PSYoungGen      total 287232K, used 7249K [0x000000076b400000, 0x000000077e180000, 0x00000007c0000000)
  eden space 266752K, 0% used [0x000000076b400000,0x000000076b400000,0x000000077b880000)
  from space 20480K, 35% used [0x000000077cd80000,0x000000077d4947c0,0x000000077e180000)
  to   space 20992K, 0% used [0x000000077b880000,0x000000077b880000,0x000000077cd00000)
 ParOldGen       total 230912K, used 30649K [0x00000006c1c00000, 0x00000006cfd80000, 0x000000076b400000)
  object space 230912K, 13% used [0x00000006c1c00000,0x00000006c39ee4f0,0x00000006cfd80000)
 Metaspace       used 58145K, capacity 61598K, committed 61824K, reserved 1103872K
  class space    used 7697K, capacity 8305K, committed 8320K, reserved 1048576K
}
Event: 433.135 GC heap before
{Heap before GC invocations=18 (full 6):
 PSYoungGen      total 287232K, used 7249K [0x000000076b400000, 0x000000077e180000, 0x00000007c0000000)
  eden space 266752K, 0% used [0x000000076b400000,0x000000076b400000,0x000000077b880000)
  from space 20480K, 35% used [0x000000077cd80000,0x000000077d4947c0,0x000000077e180000)
  to   space 20992K, 0% used [0x000000077b880000,0x000000077b880000,0x000000077cd00000)
 ParOldGen       total 230912K, used 30649K [0x00000006c1c00000, 0x00000006cfd80000, 0x000000076b400000)
  object space 230912K, 13% used [0x00000006c1c00000,0x00000006c39ee4f0,0x00000006cfd80000)
 Metaspace       used 58145K, capacity 61598K, committed 61824K, reserved 1103872K
  class space    used 7697K, capacity 8305K, committed 8320K, reserved 1048576K
Event: 433.323 GC heap after
Heap after GC invocations=18 (full 6):
 PSYoungGen      total 287232K, used 0K [0x000000076b400000, 0x000000077e180000, 0x00000007c0000000)
  eden space 266752K, 0% used [0x000000076b400000,0x000000076b400000,0x000000077b880000)
  from space 20480K, 0% used [0x000000077cd80000,0x000000077cd80000,0x000000077e180000)
  to   space 20992K, 0% used [0x000000077b880000,0x000000077b880000,0x000000077cd00000)
 ParOldGen       total 230912K, used 30884K [0x00000006c1c00000, 0x00000006cfd80000, 0x000000076b400000)
  object space 230912K, 13% used [0x00000006c1c00000,0x00000006c3a29318,0x00000006cfd80000)
 Metaspace       used 58131K, capacity 61574K, committed 61824K, reserved 1103872K
  class space    used 7695K, capacity 8300K, committed 8320K, reserved 1048576K
}
Event: 666.233 GC heap before
{Heap before GC invocations=19 (full 6):
 PSYoungGen      total 287232K, used 266752K [0x000000076b400000, 0x000000077e180000, 0x00000007c0000000)
  eden space 266752K, 100% used [0x000000076b400000,0x000000077b880000,0x000000077b880000)
  from space 20480K, 0% used [0x000000077cd80000,0x000000077cd80000,0x000000077e180000)
  to   space 20992K, 0% used [0x000000077b880000,0x000000077b880000,0x000000077cd00000)
 ParOldGen       total 230912K, used 30884K [0x00000006c1c00000, 0x00000006cfd80000, 0x000000076b400000)
  object space 230912K, 13% used [0x00000006c1c00000,0x00000006c3a29318,0x00000006cfd80000)
 Metaspace       used 63269K, capacity 66920K, committed 67072K, reserved 1107968K
  class space    used 8285K, capacity 8947K, committed 8960K, reserved 1048576K
Event: 666.247 GC heap after
Heap after GC invocations=19 (full 6):
 PSYoungGen      total 287744K, used 14163K [0x000000076b400000, 0x0000000780e80000, 0x00000007c0000000)
  eden space 266752K, 0% used [0x000000076b400000,0x000000076b400000,0x000000077b880000)
  from space 20992K, 67% used [0x000000077b880000,0x000000077c654fa8,0x000000077cd00000)
  to   space 21504K, 0% used [0x000000077f980000,0x000000077f980000,0x0000000780e80000)
 ParOldGen       total 230912K, used 30892K [0x00000006c1c00000, 0x00000006cfd80000, 0x000000076b400000)
  object space 230912K, 13% used [0x00000006c1c00000,0x00000006c3a2b318,0x00000006cfd80000)
 Metaspace       used 63269K, capacity 66920K, committed 67072K, reserved 1107968K
  class space    used 8285K, capacity 8947K, committed 8960K, reserved 1048576K
}
Event: 728.569 GC heap before
{Heap before GC invocations=20 (full 6):
 PSYoungGen      total 287744K, used 33367K [0x000000076b400000, 0x0000000780e80000, 0x00000007c0000000)
  eden space 266752K, 7% used [0x000000076b400000,0x000000076c6c0e80,0x000000077b880000)
  from space 20992K, 67% used [0x000000077b880000,0x000000077c654fa8,0x000000077cd00000)
  to   space 21504K, 0% used [0x000000077f980000,0x000000077f980000,0x0000000780e80000)
 ParOldGen       total 230912K, used 30892K [0x00000006c1c00000, 0x00000006cfd80000, 0x000000076b400000)
  object space 230912K, 13% used [0x00000006c1c00000,0x00000006c3a2b318,0x00000006cfd80000)
 Metaspace       used 63585K, capacity 67278K, committed 67456K, reserved 1107968K
  class space    used 8329K, capacity 8981K, committed 9088K, reserved 1048576K
Event: 728.580 GC heap after
Heap after GC invocations=20 (full 6):
 PSYoungGen      total 332288K, used 5553K [0x000000076b400000, 0x0000000780d80000, 0x00000007c0000000)
  eden space 311808K, 0% used [0x000000076b400000,0x000000076b400000,0x000000077e480000)
  from space 20480K, 27% used [0x000000077f980000,0x000000077feec5c8,0x0000000780d80000)
  to   space 20992K, 0% used [0x000000077e480000,0x000000077e480000,0x000000077f900000)
 ParOldGen       total 230912K, used 30900K [0x00000006c1c00000, 0x00000006cfd80000, 0x000000076b400000)
  object space 230912K, 13% used [0x00000006c1c00000,0x00000006c3a2d318,0x00000006cfd80000)
 Metaspace       used 63585K, capacity 67278K, committed 67456K, reserved 1107968K
  class space    used 8329K, capacity 8981K, committed 9088K, reserved 1048576K
}
Event: 728.580 GC heap before
{Heap before GC invocations=21 (full 7):
 PSYoungGen      total 332288K, used 5553K [0x000000076b400000, 0x0000000780d80000, 0x00000007c0000000)
  eden space 311808K, 0% used [0x000000076b400000,0x000000076b400000,0x000000077e480000)
  from space 20480K, 27% used [0x000000077f980000,0x000000077feec5c8,0x0000000780d80000)
  to   space 20992K, 0% used [0x000000077e480000,0x000000077e480000,0x000000077f900000)
 ParOldGen       total 230912K, used 30900K [0x00000006c1c00000, 0x00000006cfd80000, 0x000000076b400000)
  object space 230912K, 13% used [0x00000006c1c00000,0x00000006c3a2d318,0x00000006cfd80000)
 Metaspace       used 63585K, capacity 67278K, committed 67456K, reserved 1107968K
  class space    used 8329K, capacity 8981K, committed 9088K, reserved 1048576K
Event: 728.852 GC heap after
Heap after GC invocations=21 (full 7):
 PSYoungGen      total 332288K, used 0K [0x000000076b400000, 0x0000000780d80000, 0x00000007c0000000)
  eden space 311808K, 0% used [0x000000076b400000,0x000000076b400000,0x000000077e480000)
  from space 20480K, 0% used [0x000000077f980000,0x000000077f980000,0x0000000780d80000)
  to   space 20992K, 0% used [0x000000077e480000,0x000000077e480000,0x000000077f900000)
 ParOldGen       total 230912K, used 29557K [0x00000006c1c00000, 0x00000006cfd80000, 0x000000076b400000)
  object space 230912K, 12% used [0x00000006c1c00000,0x00000006c38dd748,0x00000006cfd80000)
 Metaspace       used 63571K, capacity 67254K, committed 67456K, reserved 1107968K
  class space    used 8327K, capacity 8976K, committed 9088K, reserved 1048576K
}
Event: 900.997 GC heap before
{Heap before GC invocations=22 (full 7):
 PSYoungGen      total 332288K, used 236927K [0x000000076b400000, 0x0000000780d80000, 0x00000007c0000000)
  eden space 311808K, 75% used [0x000000076b400000,0x0000000779b5ffb0,0x000000077e480000)
  from space 20480K, 0% used [0x000000077f980000,0x000000077f980000,0x0000000780d80000)
  to   space 20992K, 0% used [0x000000077e480000,0x000000077e480000,0x000000077f900000)
 ParOldGen       total 230912K, used 29557K [0x00000006c1c00000, 0x00000006cfd80000, 0x000000076b400000)
  object space 230912K, 12% used [0x00000006c1c00000,0x00000006c38dd748,0x00000006cfd80000)
 Metaspace       used 64028K, capacity 67848K, committed 67968K, reserved 1107968K
  class space    used 8372K, capacity 9070K, committed 9088K, reserved 1048576K
Event: 901.012 GC heap after
Heap after GC invocations=22 (full 7):
 PSYoungGen      total 321024K, used 8780K [0x000000076b400000, 0x0000000780b80000, 0x00000007c0000000)
  eden space 311808K, 0% used [0x000000076b400000,0x000000076b400000,0x000000077e480000)
  from space 9216K, 95% used [0x000000077e480000,0x000000077ed13360,0x000000077ed80000)
  to   space 19968K, 0% used [0x000000077f800000,0x000000077f800000,0x0000000780b80000)
 ParOldGen       total 230912K, used 29565K [0x00000006c1c00000, 0x00000006cfd80000, 0x000000076b400000)
  object space 230912K, 12% used [0x00000006c1c00000,0x00000006c38df748,0x00000006cfd80000)
 Metaspace       used 64028K, capacity 67848K, committed 67968K, reserved 1107968K
  class space    used 8372K, capacity 9070K, committed 9088K, reserved 1048576K
}
Event: 901.013 GC heap before
{Heap before GC invocations=23 (full 8):
 PSYoungGen      total 321024K, used 8780K [0x000000076b400000, 0x0000000780b80000, 0x00000007c0000000)
  eden space 311808K, 0% used [0x000000076b400000,0x000000076b400000,0x000000077e480000)
  from space 9216K, 95% used [0x000000077e480000,0x000000077ed13360,0x000000077ed80000)
  to   space 19968K, 0% used [0x000000077f800000,0x000000077f800000,0x0000000780b80000)
 ParOldGen       total 230912K, used 29565K [0x00000006c1c00000, 0x00000006cfd80000, 0x000000076b400000)
  object space 230912K, 12% used [0x00000006c1c00000,0x00000006c38df748,0x00000006cfd80000)
 Metaspace       used 64028K, capacity 67848K, committed 67968K, reserved 1107968K
  class space    used 8372K, capacity 9070K, committed 9088K, reserved 1048576K
Event: 901.163 GC heap after
Heap after GC invocations=23 (full 8):
 PSYoungGen      total 321024K, used 0K [0x000000076b400000, 0x0000000780b80000, 0x00000007c0000000)
  eden space 311808K, 0% used [0x000000076b400000,0x000000076b400000,0x000000077e480000)
  from space 9216K, 0% used [0x000000077e480000,0x000000077e480000,0x000000077ed80000)
  to   space 19968K, 0% used [0x000000077f800000,0x000000077f800000,0x0000000780b80000)
 ParOldGen       total 230912K, used 33825K [0x00000006c1c00000, 0x00000006cfd80000, 0x000000076b400000)
  object space 230912K, 14% used [0x00000006c1c00000,0x00000006c3d085b0,0x00000006cfd80000)
 Metaspace       used 64014K, capacity 67824K, committed 67968K, reserved 1107968K
  class space    used 8370K, capacity 9065K, committed 9088K, reserved 1048576K
}
Event: 942.553 GC heap before
{Heap before GC invocations=24 (full 8):
 PSYoungGen      total 321024K, used 215149K [0x000000076b400000, 0x0000000780b80000, 0x00000007c0000000)
  eden space 311808K, 69% used [0x000000076b400000,0x000000077861b658,0x000000077e480000)
  from space 9216K, 0% used [0x000000077e480000,0x000000077e480000,0x000000077ed80000)
  to   space 19968K, 0% used [0x000000077f800000,0x000000077f800000,0x0000000780b80000)
 ParOldGen       total 230912K, used 33825K [0x00000006c1c00000, 0x00000006cfd80000, 0x000000076b400000)
  object space 230912K, 14% used [0x00000006c1c00000,0x00000006c3d085b0,0x00000006cfd80000)
 Metaspace       used 64447K, capacity 68430K, committed 68608K, reserved 1107968K
  class space    used 8416K, capacity 9143K, committed 9216K, reserved 1048576K
Event: 942.562 GC heap after
Heap after GC invocations=24 (full 8):
 PSYoungGen      total 330752K, used 7202K [0x000000076b400000, 0x0000000780a80000, 0x00000007c0000000)
  eden space 311808K, 0% used [0x000000076b400000,0x000000076b400000,0x000000077e480000)
  from space 18944K, 38% used [0x000000077f800000,0x000000077ff089d8,0x0000000780a80000)
  to   space 19456K, 0% used [0x000000077e480000,0x000000077e480000,0x000000077f780000)
 ParOldGen       total 230912K, used 33833K [0x00000006c1c00000, 0x00000006cfd80000, 0x000000076b400000)
  object space 230912K, 14% used [0x00000006c1c00000,0x00000006c3d0a5b0,0x00000006cfd80000)
 Metaspace       used 64447K, capacity 68430K, committed 68608K, reserved 1107968K
  class space    used 8416K, capacity 9143K, committed 9216K, reserved 1048576K
}
Event: 942.562 GC heap before
{Heap before GC invocations=25 (full 9):
 PSYoungGen      total 330752K, used 7202K [0x000000076b400000, 0x0000000780a80000, 0x00000007c0000000)
  eden space 311808K, 0% used [0x000000076b400000,0x000000076b400000,0x000000077e480000)
  from space 18944K, 38% used [0x000000077f800000,0x000000077ff089d8,0x0000000780a80000)
  to   space 19456K, 0% used [0x000000077e480000,0x000000077e480000,0x000000077f780000)
 ParOldGen       total 230912K, used 33833K [0x00000006c1c00000, 0x00000006cfd80000, 0x000000076b400000)
  object space 230912K, 14% used [0x00000006c1c00000,0x00000006c3d0a5b0,0x00000006cfd80000)
 Metaspace       used 64447K, capacity 68430K, committed 68608K, reserved 1107968K
  class space    used 8416K, capacity 9143K, committed 9216K, reserved 1048576K
Event: 942.780 GC heap after
Heap after GC invocations=25 (full 9):
 PSYoungGen      total 330752K, used 0K [0x000000076b400000, 0x0000000780a80000, 0x00000007c0000000)
  eden space 311808K, 0% used [0x000000076b400000,0x000000076b400000,0x000000077e480000)
  from space 18944K, 0% used [0x000000077f800000,0x000000077f800000,0x0000000780a80000)
  to   space 19456K, 0% used [0x000000077e480000,0x000000077e480000,0x000000077f780000)
 ParOldGen       total 230912K, used 32581K [0x00000006c1c00000, 0x00000006cfd80000, 0x000000076b400000)
  object space 230912K, 14% used [0x00000006c1c00000,0x00000006c3bd1640,0x00000006cfd80000)
 Metaspace       used 64435K, capacity 68412K, committed 68608K, reserved 1107968K
  class space    used 8415K, capacity 9140K, committed 9216K, reserved 1048576K
}
Event: 992.429 GC heap before
{Heap before GC invocations=26 (full 9):
 PSYoungGen      total 330752K, used 216822K [0x000000076b400000, 0x0000000780a80000, 0x00000007c0000000)
  eden space 311808K, 69% used [0x000000076b400000,0x00000007787bd890,0x000000077e480000)
  from space 18944K, 0% used [0x000000077f800000,0x000000077f800000,0x0000000780a80000)
  to   space 19456K, 0% used [0x000000077e480000,0x000000077e480000,0x000000077f780000)
 ParOldGen       total 230912K, used 32581K [0x00000006c1c00000, 0x00000006cfd80000, 0x000000076b400000)
  object space 230912K, 14% used [0x00000006c1c00000,0x00000006c3bd1640,0x00000006cfd80000)
 Metaspace       used 64791K, capacity 68834K, committed 69120K, reserved 1110016K
  class space    used 8445K, capacity 9188K, committed 9216K, reserved 1048576K
Event: 992.439 GC heap after
Heap after GC invocations=26 (full 9):
 PSYoungGen      total 319488K, used 7170K [0x000000076b400000, 0x0000000780980000, 0x00000007c0000000)
  eden space 311808K, 0% used [0x000000076b400000,0x000000076b400000,0x000000077e480000)
  from space 7680K, 93% used [0x000000077e480000,0x000000077eb80be0,0x000000077ec00000)
  to   space 18944K, 0% used [0x000000077f700000,0x000000077f700000,0x0000000780980000)
 ParOldGen       total 230912K, used 32589K [0x00000006c1c00000, 0x00000006cfd80000, 0x000000076b400000)
  object space 230912K, 14% used [0x00000006c1c00000,0x00000006c3bd3640,0x00000006cfd80000)
 Metaspace       used 64791K, capacity 68834K, committed 69120K, reserved 1110016K
  class space    used 8445K, capacity 9188K, committed 9216K, reserved 1048576K
}
Event: 992.439 GC heap before
{Heap before GC invocations=27 (full 10):
 PSYoungGen      total 319488K, used 7170K [0x000000076b400000, 0x0000000780980000, 0x00000007c0000000)
  eden space 311808K, 0% used [0x000000076b400000,0x000000076b400000,0x000000077e480000)
  from space 7680K, 93% used [0x000000077e480000,0x000000077eb80be0,0x000000077ec00000)
  to   space 18944K, 0% used [0x000000077f700000,0x000000077f700000,0x0000000780980000)
 ParOldGen       total 230912K, used 32589K [0x00000006c1c00000, 0x00000006cfd80000, 0x000000076b400000)
  object space 230912K, 14% used [0x00000006c1c00000,0x00000006c3bd3640,0x00000006cfd80000)
 Metaspace       used 64791K, capacity 68834K, committed 69120K, reserved 1110016K
  class space    used 8445K, capacity 9188K, committed 9216K, reserved 1048576K
Event: 992.584 GC heap after
Heap after GC invocations=27 (full 10):
 PSYoungGen      total 319488K, used 0K [0x000000076b400000, 0x0000000780980000, 0x00000007c0000000)
  eden space 311808K, 0% used [0x000000076b400000,0x000000076b400000,0x000000077e480000)
  from space 7680K, 0% used [0x000000077e480000,0x000000077e480000,0x000000077ec00000)
  to   space 18944K, 0% used [0x000000077f700000,0x000000077f700000,0x0000000780980000)
 ParOldGen       total 230912K, used 32799K [0x00000006c1c00000, 0x00000006cfd80000, 0x000000076b400000)
  object space 230912K, 14% used [0x00000006c1c00000,0x00000006c3c07cd0,0x00000006cfd80000)
 Metaspace       used 64777K, capacity 68810K, committed 69120K, reserved 1110016K
  class space    used 8443K, capacity 9183K, committed 9216K, reserved 1048576K
}
Event: 2143.558 GC heap before
{Heap before GC invocations=28 (full 10):
 PSYoungGen      total 319488K, used 311808K [0x000000076b400000, 0x0000000780980000, 0x00000007c0000000)
  eden space 311808K, 100% used [0x000000076b400000,0x000000077e480000,0x000000077e480000)
  from space 7680K, 0% used [0x000000077e480000,0x000000077e480000,0x000000077ec00000)
  to   space 18944K, 0% used [0x000000077f700000,0x000000077f700000,0x0000000780980000)
 ParOldGen       total 230912K, used 32799K [0x00000006c1c00000, 0x00000006cfd80000, 0x000000076b400000)
  object space 230912K, 14% used [0x00000006c1c00000,0x00000006c3c07cd0,0x00000006cfd80000)
 Metaspace       used 65388K, capacity 69660K, committed 69760K, reserved 1110016K
  class space    used 8513K, capacity 9292K, committed 9344K, reserved 1048576K
Event: 2143.572 GC heap after
Heap after GC invocations=28 (full 10):
 PSYoungGen      total 312832K, used 9945K [0x000000076b400000, 0x0000000780100000, 0x00000007c0000000)
  eden space 302592K, 0% used [0x000000076b400000,0x000000076b400000,0x000000077db80000)
  from space 10240K, 97% used [0x000000077f700000,0x00000007800b6568,0x0000000780100000)
  to   space 18432K, 0% used [0x000000077dd00000,0x000000077dd00000,0x000000077ef00000)
 ParOldGen       total 230912K, used 32807K [0x00000006c1c00000, 0x00000006cfd80000, 0x000000076b400000)
  object space 230912K, 14% used [0x00000006c1c00000,0x00000006c3c09cd0,0x00000006cfd80000)
 Metaspace       used 65388K, capacity 69660K, committed 69760K, reserved 1110016K
  class space    used 8513K, capacity 9292K, committed 9344K, reserved 1048576K
}
Event: 2356.563 GC heap before
{Heap before GC invocations=29 (full 10):
 PSYoungGen      total 312832K, used 44705K [0x000000076b400000, 0x0000000780100000, 0x00000007c0000000)
  eden space 302592K, 11% used [0x000000076b400000,0x000000076d5f2238,0x000000077db80000)
  from space 10240K, 97% used [0x000000077f700000,0x00000007800b6568,0x0000000780100000)
  to   space 18432K, 0% used [0x000000077dd00000,0x000000077dd00000,0x000000077ef00000)
 ParOldGen       total 230912K, used 32807K [0x00000006c1c00000, 0x00000006cfd80000, 0x000000076b400000)
  object space 230912K, 14% used [0x00000006c1c00000,0x00000006c3c09cd0,0x00000006cfd80000)
 Metaspace       used 65532K, capacity 69794K, committed 70016K, reserved 1110016K
  class space    used 8524K, capacity 9294K, committed 9344K, reserved 1048576K
Event: 2356.571 GC heap after
Heap after GC invocations=29 (full 10):
 PSYoungGen      total 307712K, used 4641K [0x000000076b400000, 0x000000077fe80000, 0x00000007c0000000)
  eden space 302592K, 0% used [0x000000076b400000,0x000000076b400000,0x000000077db80000)
  from space 5120K, 90% used [0x000000077dd00000,0x000000077e188460,0x000000077e200000)
  to   space 17920K, 0% used [0x000000077ed00000,0x000000077ed00000,0x000000077fe80000)
 ParOldGen       total 230912K, used 32815K [0x00000006c1c00000, 0x00000006cfd80000, 0x000000076b400000)
  object space 230912K, 14% used [0x00000006c1c00000,0x00000006c3c0bcd0,0x00000006cfd80000)
 Metaspace       used 65532K, capacity 69794K, committed 70016K, reserved 1110016K
  class space    used 8524K, capacity 9294K, committed 9344K, reserved 1048576K
}
Event: 2356.571 GC heap before
{Heap before GC invocations=30 (full 11):
 PSYoungGen      total 307712K, used 4641K [0x000000076b400000, 0x000000077fe80000, 0x00000007c0000000)
  eden space 302592K, 0% used [0x000000076b400000,0x000000076b400000,0x000000077db80000)
  from space 5120K, 90% used [0x000000077dd00000,0x000000077e188460,0x000000077e200000)
  to   space 17920K, 0% used [0x000000077ed00000,0x000000077ed00000,0x000000077fe80000)
 ParOldGen       total 230912K, used 32815K [0x00000006c1c00000, 0x00000006cfd80000, 0x000000076b400000)
  object space 230912K, 14% used [0x00000006c1c00000,0x00000006c3c0bcd0,0x00000006cfd80000)
 Metaspace       used 65532K, capacity 69794K, committed 70016K, reserved 1110016K
  class space    used 8524K, capacity 9294K, committed 9344K, reserved 1048576K
Event: 2356.880 GC heap after
Heap after GC invocations=30 (full 11):
 PSYoungGen      total 307712K, used 0K [0x000000076b400000, 0x000000077fe80000, 0x00000007c0000000)
  eden space 302592K, 0% used [0x000000076b400000,0x000000076b400000,0x000000077db80000)
  from space 5120K, 0% used [0x000000077dd00000,0x000000077dd00000,0x000000077e200000)
  to   space 17920K, 0% used [0x000000077ed00000,0x000000077ed00000,0x000000077fe80000)
 ParOldGen       total 230912K, used 30565K [0x00000006c1c00000, 0x00000006cfd80000, 0x000000076b400000)
  object space 230912K, 13% used [0x00000006c1c00000,0x00000006c39d9538,0x00000006cfd80000)
 Metaspace       used 65516K, capacity 69764K, committed 70016K, reserved 1110016K
  class space    used 8522K, capacity 9287K, committed 9344K, reserved 1048576K
}
Event: 2363.477 GC heap before
{Heap before GC invocations=31 (full 11):
 PSYoungGen      total 307712K, used 208582K [0x000000076b400000, 0x000000077fe80000, 0x00000007c0000000)
  eden space 302592K, 68% used [0x000000076b400000,0x0000000777fb1bf0,0x000000077db80000)
  from space 5120K, 0% used [0x000000077dd00000,0x000000077dd00000,0x000000077e200000)
  to   space 17920K, 0% used [0x000000077ed00000,0x000000077ed00000,0x000000077fe80000)
 ParOldGen       total 230912K, used 30565K [0x00000006c1c00000, 0x00000006cfd80000, 0x000000076b400000)
  object space 230912K, 13% used [0x00000006c1c00000,0x00000006c39d9538,0x00000006cfd80000)
 Metaspace       used 65923K, capacity 70228K, committed 70272K, reserved 1110016K
  class space    used 8554K, capacity 9332K, committed 9344K, reserved 1048576K
Event: 2363.486 GC heap after
Heap after GC invocations=31 (full 11):
 PSYoungGen      total 319488K, used 7158K [0x000000076b400000, 0x000000077fd80000, 0x00000007c0000000)
  eden space 302592K, 0% used [0x000000076b400000,0x000000076b400000,0x000000077db80000)
  from space 16896K, 42% used [0x000000077ed00000,0x000000077f3fda78,0x000000077fd80000)
  to   space 17408K, 0% used [0x000000077db80000,0x000000077db80000,0x000000077ec80000)
 ParOldGen       total 230912K, used 30573K [0x00000006c1c00000, 0x00000006cfd80000, 0x000000076b400000)
  object space 230912K, 13% used [0x00000006c1c00000,0x00000006c39db538,0x00000006cfd80000)
 Metaspace       used 65923K, capacity 70228K, committed 70272K, reserved 1110016K
  class space    used 8554K, capacity 9332K, committed 9344K, reserved 1048576K
}
Event: 2363.486 GC heap before
{Heap before GC invocations=32 (full 12):
 PSYoungGen      total 319488K, used 7158K [0x000000076b400000, 0x000000077fd80000, 0x00000007c0000000)
  eden space 302592K, 0% used [0x000000076b400000,0x000000076b400000,0x000000077db80000)
  from space 16896K, 42% used [0x000000077ed00000,0x000000077f3fda78,0x000000077fd80000)
  to   space 17408K, 0% used [0x000000077db80000,0x000000077db80000,0x000000077ec80000)
 ParOldGen       total 230912K, used 30573K [0x00000006c1c00000, 0x00000006cfd80000, 0x000000076b400000)
  object space 230912K, 13% used [0x00000006c1c00000,0x00000006c39db538,0x00000006cfd80000)
 Metaspace       used 65923K, capacity 70228K, committed 70272K, reserved 1110016K
  class space    used 8554K, capacity 9332K, committed 9344K, reserved 1048576K
Event: 2363.652 GC heap after
Heap after GC invocations=32 (full 12):
 PSYoungGen      total 319488K, used 0K [0x000000076b400000, 0x000000077fd80000, 0x00000007c0000000)
  eden space 302592K, 0% used [0x000000076b400000,0x000000076b400000,0x000000077db80000)
  from space 16896K, 0% used [0x000000077ed00000,0x000000077ed00000,0x000000077fd80000)
  to   space 17408K, 0% used [0x000000077db80000,0x000000077db80000,0x000000077ec80000)
 ParOldGen       total 230912K, used 33323K [0x00000006c1c00000, 0x00000006cfd80000, 0x000000076b400000)
  object space 230912K, 14% used [0x00000006c1c00000,0x00000006c3c8ae70,0x00000006cfd80000)
 Metaspace       used 65909K, capacity 70204K, committed 70272K, reserved 1110016K
  class space    used 8551K, capacity 9327K, committed 9344K, reserved 1048576K
}
Event: 2384.289 GC heap before
{Heap before GC invocations=33 (full 12):
 PSYoungGen      total 319488K, used 211252K [0x000000076b400000, 0x000000077fd80000, 0x00000007c0000000)
  eden space 302592K, 69% used [0x000000076b400000,0x000000077824d298,0x000000077db80000)
  from space 16896K, 0% used [0x000000077ed00000,0x000000077ed00000,0x000000077fd80000)
  to   space 17408K, 0% used [0x000000077db80000,0x000000077db80000,0x000000077ec80000)
 ParOldGen       total 230912K, used 33323K [0x00000006c1c00000, 0x00000006cfd80000, 0x000000076b400000)
  object space 230912K, 14% used [0x00000006c1c00000,0x00000006c3c8ae70,0x00000006cfd80000)
 Metaspace       used 66340K, capacity 70608K, committed 70912K, reserved 1110016K
  class space    used 8584K, capacity 9372K, committed 9472K, reserved 1048576K
Event: 2384.297 GC heap after
Heap after GC invocations=33 (full 12):
 PSYoungGen      total 310784K, used 8111K [0x000000076b400000, 0x000000077fc80000, 0x00000007c0000000)
  eden space 302592K, 0% used [0x000000076b400000,0x000000076b400000,0x000000077db80000)
  from space 8192K, 99% used [0x000000077db80000,0x000000077e36bfa8,0x000000077e380000)
  to   space 16896K, 0% used [0x000000077ec00000,0x000000077ec00000,0x000000077fc80000)
 ParOldGen       total 230912K, used 33331K [0x00000006c1c00000, 0x00000006cfd80000, 0x000000076b400000)
  object space 230912K, 14% used [0x00000006c1c00000,0x00000006c3c8ce70,0x00000006cfd80000)
 Metaspace       used 66340K, capacity 70608K, committed 70912K, reserved 1110016K
  class space    used 8584K, capacity 9372K, committed 9472K, reserved 1048576K
}
Event: 2384.297 GC heap before
{Heap before GC invocations=34 (full 13):
 PSYoungGen      total 310784K, used 8111K [0x000000076b400000, 0x000000077fc80000, 0x00000007c0000000)
  eden space 302592K, 0% used [0x000000076b400000,0x000000076b400000,0x000000077db80000)
  from space 8192K, 99% used [0x000000077db80000,0x000000077e36bfa8,0x000000077e380000)
  to   space 16896K, 0% used [0x000000077ec00000,0x000000077ec00000,0x000000077fc80000)
 ParOldGen       total 230912K, used 33331K [0x00000006c1c00000, 0x00000006cfd80000, 0x000000076b400000)
  object space 230912K, 14% used [0x00000006c1c00000,0x00000006c3c8ce70,0x00000006cfd80000)
 Metaspace       used 66340K, capacity 70608K, committed 70912K, reserved 1110016K
  class space    used 8584K, capacity 9372K, committed 9472K, reserved 1048576K
Event: 2384.438 GC heap after
Heap after GC invocations=34 (full 13):
 PSYoungGen      total 310784K, used 0K [0x000000076b400000, 0x000000077fc80000, 0x00000007c0000000)
  eden space 302592K, 0% used [0x000000076b400000,0x000000076b400000,0x000000077db80000)
  from space 8192K, 0% used [0x000000077db80000,0x000000077db80000,0x000000077e380000)
  to   space 16896K, 0% used [0x000000077ec00000,0x000000077ec00000,0x000000077fc80000)
 ParOldGen       total 230912K, used 34470K [0x00000006c1c00000, 0x00000006cfd80000, 0x000000076b400000)
  object space 230912K, 14% used [0x00000006c1c00000,0x00000006c3da9848,0x00000006cfd80000)
 Metaspace       used 66327K, capacity 70584K, committed 70912K, reserved 1110016K
  class space    used 8582K, capacity 9367K, committed 9472K, reserved 1048576K
}

